---------------------------------------------------------------
[ 2018-05-16T11:10:31+08:00 ] 127.0.0.1 GET /banner/3
[ info ] mytp.com/banner/3 [运行时间：0.024366s][吞吐率：41.04req/s] [内存消耗：1,211.67kb] [文件加载：34]
[ info ] [ LANG ] D:\web\tp5\thinkphp\lang\zh-cn.php
[ info ] [ ROUTE ] array (
  'type' => 'module',
  'module' => 
  array (
    0 => 'api',
    1 => 'v1.Banner',
    2 => 'getBannerId',
  ),
  'convert' => false,
)
[ info ] [ HEADER ] array (
  'cookie' => 'pgv_pvi=4583881728',
  'accept-language' => 'zh-CN,zh;q=0.8',
  'accept-encoding' => 'gzip, deflate, sdch',
  'accept' => 'text/html,application/xhtml+xml,application/xml;q=0.9,image/webp,*/*;q=0.8',
  'user-agent' => 'Mozilla/5.0 (Windows NT 10.0; WOW64) AppleWebKit/537.36 (KHTML, like Gecko) Chrome/55.0.2883.87 Safari/537.36',
  'upgrade-insecure-requests' => '1',
  'cache-control' => 'max-age=0',
  'connection' => 'keep-alive',
  'host' => 'mytp.com',
  'content-length' => '',
  'content-type' => '',
)
[ info ] [ PARAM ] array (
  'id' => '3',
)
[ info ] [ RUN ] app\api\controller\v1\Banner->getBannerId[ D:\web\tp5\application\api\controller\v1\Banner.php ]
[ info ] [ LOG ] INIT File
[ error ] [0]内部错误[D:\web\tp5\application\api\controller\v1\Banner.php:32]
[ error ] 内部错误
