---------------------------------------------------------------
[ 2018-05-23T13:52:26+08:00 ] 127.0.0.1 GET /api/v1/theme?ids=1,2,3
[ info ] mytp.com/api/v1/theme?ids=1,2,3 [运行时间：0.093590s][吞吐率：10.68req/s] [内存消耗：2,398.04kb] [文件加载：46]
[ sql ] [ DB ] CONNECT:[ UseTime:0.010840s ] mysql:host=127.0.0.1;port=3306;dbname=wechat;charset=utf8
[ sql ] [ SQL ] SHOW COLUMNS FROM `theme` [ RunTime:0.021274s ]
[ sql ] [ SQL ] SELECT * FROM `theme` WHERE  `id` IN (1,2,3) [ RunTime:0.000817s ]
[ sql ] [ SQL ] SHOW COLUMNS FROM `image` [ RunTime:0.015507s ]
[ sql ] [ SQL ] SELECT * FROM `image` WHERE  `id` IN (16,17,18) [ RunTime:0.000715s ]
[ sql ] [ SQL ] SELECT * FROM `image` WHERE  `id` IN (49,50,18) [ RunTime:0.000497s ]
---------------------------------------------------------------
[ 2018-05-23T13:52:32+08:00 ] 127.0.0.1 GET /api/v1/theme?ids=1,2,3
[ info ] mytp.com/api/v1/theme?ids=1,2,3 [运行时间：0.080620s][吞吐率：12.40req/s] [内存消耗：2,397.16kb] [文件加载：46]
[ sql ] [ DB ] CONNECT:[ UseTime:0.010885s ] mysql:host=127.0.0.1;port=3306;dbname=wechat;charset=utf8
[ sql ] [ SQL ] SHOW COLUMNS FROM `theme` [ RunTime:0.016464s ]
[ sql ] [ SQL ] SELECT * FROM `theme` WHERE  `id` IN (1,2,3) [ RunTime:0.000529s ]
[ sql ] [ SQL ] SHOW COLUMNS FROM `image` [ RunTime:0.015037s ]
[ sql ] [ SQL ] SELECT * FROM `image` WHERE  `id` IN (16,17,18) [ RunTime:0.000442s ]
[ sql ] [ SQL ] SELECT * FROM `image` WHERE  `id` IN (49,50,18) [ RunTime:0.000476s ]
---------------------------------------------------------------
[ 2018-05-23T13:54:52+08:00 ] 127.0.0.1 GET /api/v1/theme?ids=1,2,3
[ info ] mytp.com/api/v1/theme?ids=1,2,3 [运行时间：0.066517s][吞吐率：15.03req/s] [内存消耗：2,397.45kb] [文件加载：46]
[ sql ] [ DB ] CONNECT:[ UseTime:0.001030s ] mysql:host=127.0.0.1;port=3306;dbname=wechat;charset=utf8
[ sql ] [ SQL ] SHOW COLUMNS FROM `theme` [ RunTime:0.013134s ]
[ sql ] [ SQL ] SELECT * FROM `theme` WHERE  `id` IN (1,2,3) [ RunTime:0.000504s ]
[ sql ] [ SQL ] SHOW COLUMNS FROM `image` [ RunTime:0.014517s ]
[ sql ] [ SQL ] SELECT * FROM `image` WHERE  `id` IN (16,17,18) [ RunTime:0.000383s ]
[ sql ] [ SQL ] SELECT * FROM `image` WHERE  `id` IN (49,50,18) [ RunTime:0.000309s ]
---------------------------------------------------------------
[ 2018-05-23T13:55:12+08:00 ] 127.0.0.1 GET /api/v1/theme?ids=1,2
[ info ] mytp.com/api/v1/theme?ids=1,2 [运行时间：0.077858s][吞吐率：12.84req/s] [内存消耗：2,396.70kb] [文件加载：46]
[ sql ] [ DB ] CONNECT:[ UseTime:0.011293s ] mysql:host=127.0.0.1;port=3306;dbname=wechat;charset=utf8
[ sql ] [ SQL ] SHOW COLUMNS FROM `theme` [ RunTime:0.014787s ]
[ sql ] [ SQL ] SELECT * FROM `theme` WHERE  `id` IN (1,2) [ RunTime:0.000506s ]
[ sql ] [ SQL ] SHOW COLUMNS FROM `image` [ RunTime:0.016093s ]
[ sql ] [ SQL ] SELECT * FROM `image` WHERE  `id` IN (16,17) [ RunTime:0.000477s ]
[ sql ] [ SQL ] SELECT * FROM `image` WHERE  `id` IN (49,50) [ RunTime:0.000443s ]
---------------------------------------------------------------
[ 2018-05-23T13:55:16+08:00 ] 127.0.0.1 GET /api/v1/theme?ids=1,2,3
[ info ] mytp.com/api/v1/theme?ids=1,2,3 [运行时间：0.079538s][吞吐率：12.57req/s] [内存消耗：2,397.45kb] [文件加载：46]
[ sql ] [ DB ] CONNECT:[ UseTime:0.009834s ] mysql:host=127.0.0.1;port=3306;dbname=wechat;charset=utf8
[ sql ] [ SQL ] SHOW COLUMNS FROM `theme` [ RunTime:0.016308s ]
[ sql ] [ SQL ] SELECT * FROM `theme` WHERE  `id` IN (1,2,3) [ RunTime:0.000562s ]
[ sql ] [ SQL ] SHOW COLUMNS FROM `image` [ RunTime:0.015916s ]
[ sql ] [ SQL ] SELECT * FROM `image` WHERE  `id` IN (16,17,18) [ RunTime:0.000472s ]
[ sql ] [ SQL ] SELECT * FROM `image` WHERE  `id` IN (49,50,18) [ RunTime:0.000783s ]
---------------------------------------------------------------
[ 2018-05-23T14:04:43+08:00 ] 127.0.0.1 GET /api/v1/theme?ids=1,2,3
[ info ] mytp.com/api/v1/theme?ids=1,2,3 [运行时间：0.075264s][吞吐率：13.29req/s] [内存消耗：2,397.06kb] [文件加载：46]
[ sql ] [ DB ] CONNECT:[ UseTime:0.002512s ] mysql:host=127.0.0.1;port=3306;dbname=wechat;charset=utf8
[ sql ] [ SQL ] SHOW COLUMNS FROM `theme` [ RunTime:0.017984s ]
[ sql ] [ SQL ] SELECT * FROM `theme` WHERE  `id` IN (1,2,3) [ RunTime:0.000741s ]
[ sql ] [ SQL ] SHOW COLUMNS FROM `image` [ RunTime:0.016257s ]
[ sql ] [ SQL ] SELECT * FROM `image` WHERE  `id` IN (16,17,18) [ RunTime:0.000401s ]
[ sql ] [ SQL ] SELECT * FROM `image` WHERE  `id` IN (49,50,18) [ RunTime:0.000381s ]
---------------------------------------------------------------
[ 2018-05-23T14:22:55+08:00 ] 127.0.0.1 GET /api/v1/theme/1
[ info ] mytp.com/api/v1/theme/1 [运行时间：0.132704s][吞吐率：7.54req/s] [内存消耗：2,376.25kb] [文件加载：46]
[ sql ] [ DB ] CONNECT:[ UseTime:0.010883s ] mysql:host=127.0.0.1;port=3306;dbname=wechat;charset=utf8
[ sql ] [ SQL ] SHOW COLUMNS FROM `theme` [ RunTime:0.015077s ]
[ sql ] [ SQL ] SELECT * FROM `theme` WHERE  `id` = 1 LIMIT 1 [ RunTime:0.000513s ]
[ sql ] [ SQL ] SHOW COLUMNS FROM `image` [ RunTime:0.016276s ]
[ sql ] [ SQL ] SELECT * FROM `image` WHERE  `id` = 16 [ RunTime:0.000480s ]
[ sql ] [ SQL ] SELECT * FROM `image` WHERE  `id` = 49 [ RunTime:0.000360s ]
[ sql ] [ SQL ] SHOW COLUMNS FROM `theme_product` [ RunTime:0.016488s ]
[ sql ] [ SQL ] SHOW COLUMNS FROM `product` [ RunTime:0.016719s ]
[ sql ] [ SQL ] SELECT `product`.*,pivot.theme_id AS pivot__theme_id,pivot.product_id AS pivot__product_id FROM `product` INNER JOIN `theme_product` `pivot` ON `pivot`.`product_id`=`product`.`id` WHERE  `pivot`.`theme_id` = 1 [ RunTime:0.001540s ]
---------------------------------------------------------------
[ 2018-05-23T14:25:21+08:00 ] 127.0.0.1 GET /api/v1/theme/1
[ info ] mytp.com/api/v1/theme/1 [运行时间：0.095047s][吞吐率：10.52req/s] [内存消耗：2,376.15kb] [文件加载：46]
[ sql ] [ DB ] CONNECT:[ UseTime:0.000856s ] mysql:host=127.0.0.1;port=3306;dbname=wechat;charset=utf8
[ sql ] [ SQL ] SHOW COLUMNS FROM `theme` [ RunTime:0.012849s ]
[ sql ] [ SQL ] SELECT * FROM `theme` WHERE  `id` = 1 LIMIT 1 [ RunTime:0.000582s ]
[ sql ] [ SQL ] SHOW COLUMNS FROM `image` [ RunTime:0.014498s ]
[ sql ] [ SQL ] SELECT * FROM `image` WHERE  `id` = 16 [ RunTime:0.000362s ]
[ sql ] [ SQL ] SELECT * FROM `image` WHERE  `id` = 49 [ RunTime:0.000274s ]
[ sql ] [ SQL ] SHOW COLUMNS FROM `theme_product` [ RunTime:0.014251s ]
[ sql ] [ SQL ] SHOW COLUMNS FROM `product` [ RunTime:0.014938s ]
[ sql ] [ SQL ] SELECT `product`.*,pivot.theme_id AS pivot__theme_id,pivot.product_id AS pivot__product_id FROM `product` INNER JOIN `theme_product` `pivot` ON `pivot`.`product_id`=`product`.`id` WHERE  `pivot`.`theme_id` = 1 [ RunTime:0.000472s ]
---------------------------------------------------------------
[ 2018-05-23T14:26:04+08:00 ] 127.0.0.1 GET /api/v1/theme/1
[ info ] mytp.com/api/v1/theme/1 [运行时间：0.104727s][吞吐率：9.55req/s] [内存消耗：2,376.21kb] [文件加载：46]
[ sql ] [ DB ] CONNECT:[ UseTime:0.001007s ] mysql:host=127.0.0.1;port=3306;dbname=wechat;charset=utf8
[ sql ] [ SQL ] SHOW COLUMNS FROM `theme` [ RunTime:0.018042s ]
[ sql ] [ SQL ] SELECT * FROM `theme` WHERE  `id` = 1 LIMIT 1 [ RunTime:0.000529s ]
[ sql ] [ SQL ] SHOW COLUMNS FROM `image` [ RunTime:0.016839s ]
[ sql ] [ SQL ] SELECT * FROM `image` WHERE  `id` = 16 [ RunTime:0.000406s ]
[ sql ] [ SQL ] SELECT * FROM `image` WHERE  `id` = 49 [ RunTime:0.000286s ]
[ sql ] [ SQL ] SHOW COLUMNS FROM `theme_product` [ RunTime:0.014519s ]
[ sql ] [ SQL ] SHOW COLUMNS FROM `product` [ RunTime:0.014179s ]
[ sql ] [ SQL ] SELECT `product`.*,pivot.theme_id AS pivot__theme_id,pivot.product_id AS pivot__product_id FROM `product` INNER JOIN `theme_product` `pivot` ON `pivot`.`product_id`=`product`.`id` WHERE  `pivot`.`theme_id` = 1 [ RunTime:0.000495s ]
---------------------------------------------------------------
[ 2018-05-23T14:27:24+08:00 ] 127.0.0.1 GET /api/v1/theme/1
[ info ] mytp.com/api/v1/theme/1 [运行时间：0.104692s][吞吐率：9.55req/s] [内存消耗：2,377.01kb] [文件加载：46]
[ sql ] [ DB ] CONNECT:[ UseTime:0.000869s ] mysql:host=127.0.0.1;port=3306;dbname=wechat;charset=utf8
[ sql ] [ SQL ] SHOW COLUMNS FROM `theme` [ RunTime:0.015939s ]
[ sql ] [ SQL ] SELECT * FROM `theme` WHERE  `id` = 1 LIMIT 1 [ RunTime:0.000586s ]
[ sql ] [ SQL ] SHOW COLUMNS FROM `image` [ RunTime:0.017106s ]
[ sql ] [ SQL ] SELECT * FROM `image` WHERE  `id` = 16 [ RunTime:0.000500s ]
[ sql ] [ SQL ] SELECT * FROM `image` WHERE  `id` = 49 [ RunTime:0.000323s ]
[ sql ] [ SQL ] SHOW COLUMNS FROM `theme_product` [ RunTime:0.015048s ]
[ sql ] [ SQL ] SHOW COLUMNS FROM `product` [ RunTime:0.015380s ]
[ sql ] [ SQL ] SELECT `product`.*,pivot.theme_id AS pivot__theme_id,pivot.product_id AS pivot__product_id FROM `product` INNER JOIN `theme_product` `pivot` ON `pivot`.`product_id`=`product`.`id` WHERE  `pivot`.`theme_id` = 1 [ RunTime:0.000490s ]
---------------------------------------------------------------
[ 2018-05-23T14:28:08+08:00 ] 127.0.0.1 GET /api/v1/theme/1
[ info ] mytp.com/api/v1/theme/1 [运行时间：0.096334s][吞吐率：10.38req/s] [内存消耗：2,377.01kb] [文件加载：46]
[ sql ] [ DB ] CONNECT:[ UseTime:0.000882s ] mysql:host=127.0.0.1;port=3306;dbname=wechat;charset=utf8
[ sql ] [ SQL ] SHOW COLUMNS FROM `theme` [ RunTime:0.017022s ]
[ sql ] [ SQL ] SELECT * FROM `theme` WHERE  `id` = 1 LIMIT 1 [ RunTime:0.000419s ]
[ sql ] [ SQL ] SHOW COLUMNS FROM `image` [ RunTime:0.011702s ]
[ sql ] [ SQL ] SELECT * FROM `image` WHERE  `id` = 16 [ RunTime:0.000351s ]
[ sql ] [ SQL ] SELECT * FROM `image` WHERE  `id` = 49 [ RunTime:0.000280s ]
[ sql ] [ SQL ] SHOW COLUMNS FROM `theme_product` [ RunTime:0.014392s ]
[ sql ] [ SQL ] SHOW COLUMNS FROM `product` [ RunTime:0.014278s ]
[ sql ] [ SQL ] SELECT `product`.*,pivot.theme_id AS pivot__theme_id,pivot.product_id AS pivot__product_id FROM `product` INNER JOIN `theme_product` `pivot` ON `pivot`.`product_id`=`product`.`id` WHERE  `pivot`.`theme_id` = 1 [ RunTime:0.000536s ]
---------------------------------------------------------------
[ 2018-05-23T14:28:09+08:00 ] 127.0.0.1 GET /api/v1/theme/1
[ info ] mytp.com/api/v1/theme/1 [运行时间：0.115638s][吞吐率：8.65req/s] [内存消耗：2,377.01kb] [文件加载：46]
[ sql ] [ DB ] CONNECT:[ UseTime:0.011153s ] mysql:host=127.0.0.1;port=3306;dbname=wechat;charset=utf8
[ sql ] [ SQL ] SHOW COLUMNS FROM `theme` [ RunTime:0.017159s ]
[ sql ] [ SQL ] SELECT * FROM `theme` WHERE  `id` = 1 LIMIT 1 [ RunTime:0.000423s ]
[ sql ] [ SQL ] SHOW COLUMNS FROM `image` [ RunTime:0.015834s ]
[ sql ] [ SQL ] SELECT * FROM `image` WHERE  `id` = 16 [ RunTime:0.000369s ]
[ sql ] [ SQL ] SELECT * FROM `image` WHERE  `id` = 49 [ RunTime:0.000329s ]
[ sql ] [ SQL ] SHOW COLUMNS FROM `theme_product` [ RunTime:0.015804s ]
[ sql ] [ SQL ] SHOW COLUMNS FROM `product` [ RunTime:0.016011s ]
[ sql ] [ SQL ] SELECT `product`.*,pivot.theme_id AS pivot__theme_id,pivot.product_id AS pivot__product_id FROM `product` INNER JOIN `theme_product` `pivot` ON `pivot`.`product_id`=`product`.`id` WHERE  `pivot`.`theme_id` = 1 [ RunTime:0.000715s ]
---------------------------------------------------------------
[ 2018-05-23T14:30:02+08:00 ] 127.0.0.1 GET /api/v1/theme/1
[ info ] mytp.com/api/v1/theme/1 [运行时间：0.118865s][吞吐率：8.41req/s] [内存消耗：2,377.00kb] [文件加载：46]
[ sql ] [ DB ] CONNECT:[ UseTime:0.001022s ] mysql:host=127.0.0.1;port=3306;dbname=wechat;charset=utf8
[ sql ] [ SQL ] SHOW COLUMNS FROM `theme` [ RunTime:0.020071s ]
[ sql ] [ SQL ] SELECT * FROM `theme` WHERE  `id` = 1 LIMIT 1 [ RunTime:0.000644s ]
[ sql ] [ SQL ] SHOW COLUMNS FROM `image` [ RunTime:0.018670s ]
[ sql ] [ SQL ] SELECT * FROM `image` WHERE  `id` = 16 [ RunTime:0.000382s ]
[ sql ] [ SQL ] SELECT * FROM `image` WHERE  `id` = 49 [ RunTime:0.000494s ]
[ sql ] [ SQL ] SHOW COLUMNS FROM `theme_product` [ RunTime:0.016647s ]
[ sql ] [ SQL ] SHOW COLUMNS FROM `product` [ RunTime:0.016933s ]
[ sql ] [ SQL ] SELECT `product`.*,pivot.theme_id AS pivot__theme_id,pivot.product_id AS pivot__product_id FROM `product` INNER JOIN `theme_product` `pivot` ON `pivot`.`product_id`=`product`.`id` WHERE  `pivot`.`theme_id` = 1 [ RunTime:0.000543s ]
---------------------------------------------------------------
[ 2018-05-23T14:30:13+08:00 ] 127.0.0.1 GET /api/v1/theme/1
[ info ] mytp.com/api/v1/theme/1 [运行时间：0.102368s][吞吐率：9.77req/s] [内存消耗：2,377.00kb] [文件加载：46]
[ sql ] [ DB ] CONNECT:[ UseTime:0.000970s ] mysql:host=127.0.0.1;port=3306;dbname=wechat;charset=utf8
[ sql ] [ SQL ] SHOW COLUMNS FROM `theme` [ RunTime:0.017485s ]
[ sql ] [ SQL ] SELECT * FROM `theme` WHERE  `id` = 1 LIMIT 1 [ RunTime:0.000479s ]
[ sql ] [ SQL ] SHOW COLUMNS FROM `image` [ RunTime:0.015694s ]
[ sql ] [ SQL ] SELECT * FROM `image` WHERE  `id` = 16 [ RunTime:0.000350s ]
[ sql ] [ SQL ] SELECT * FROM `image` WHERE  `id` = 49 [ RunTime:0.000272s ]
[ sql ] [ SQL ] SHOW COLUMNS FROM `theme_product` [ RunTime:0.014361s ]
[ sql ] [ SQL ] SHOW COLUMNS FROM `product` [ RunTime:0.015076s ]
[ sql ] [ SQL ] SELECT `product`.*,pivot.theme_id AS pivot__theme_id,pivot.product_id AS pivot__product_id FROM `product` INNER JOIN `theme_product` `pivot` ON `pivot`.`product_id`=`product`.`id` WHERE  `pivot`.`theme_id` = 1 [ RunTime:0.000512s ]
---------------------------------------------------------------
[ 2018-05-23T14:39:09+08:00 ] 127.0.0.1 GET /api/v1/theme/3
[ info ] mytp.com/api/v1/theme/3 [运行时间：0.118576s][吞吐率：8.43req/s] [内存消耗：2,573.80kb] [文件加载：49]
[ sql ] [ DB ] CONNECT:[ UseTime:0.010970s ] mysql:host=127.0.0.1;port=3306;dbname=wechat;charset=utf8
[ sql ] [ SQL ] SHOW COLUMNS FROM `theme` [ RunTime:0.016028s ]
[ sql ] [ SQL ] SELECT * FROM `theme` WHERE  `id` = 3 LIMIT 1 [ RunTime:0.000677s ]
[ sql ] [ SQL ] SHOW COLUMNS FROM `image` [ RunTime:0.015946s ]
[ sql ] [ SQL ] SELECT * FROM `image` WHERE  `id` = 18 [ RunTime:0.000469s ]
[ sql ] [ SQL ] SELECT * FROM `image` WHERE  `id` = 18 [ RunTime:0.000418s ]
[ sql ] [ SQL ] SHOW COLUMNS FROM `theme_product` [ RunTime:0.015899s ]
[ sql ] [ SQL ] SHOW COLUMNS FROM `product` [ RunTime:0.016074s ]
[ sql ] [ SQL ] SELECT `product`.*,pivot.theme_id AS pivot__theme_id,pivot.product_id AS pivot__product_id FROM `product` INNER JOIN `theme_product` `pivot` ON `pivot`.`product_id`=`product`.`id` WHERE  `pivot`.`theme_id` = 3 [ RunTime:0.000546s ]
